#
# There is insufficient memory for the Java Runtime Environment to continue.
# Native memory allocation (mmap) failed to map 266338304 bytes. Error detail: G1 virtual space
# Possible reasons:
#   The system is out of physical RAM or swap space
#   This process is running with CompressedOops enabled, and the Java Heap may be blocking the growth of the native heap
# Possible solutions:
#   Reduce memory load on the system
#   Increase physical memory or swap space
#   Check if swap backing store is full
#   Decrease Java heap size (-Xmx/-Xms)
#   Decrease number of Java threads
#   Decrease Java thread stack sizes (-Xss)
#   Set larger code cache with -XX:ReservedCodeCacheSize=
#   JVM is running with Zero Based Compressed Oops mode in which the Java heap is
#     placed in the first 32GB address space. The Java Heap base address is the
#     maximum limit for the native heap growth. Please use -XX:HeapBaseMinAddress
#     to set the Java Heap base and to place the Java Heap above 32GB virtual address.
# This output file may be truncated or incomplete.
#
#  Out of Memory Error (os_windows.cpp:3631), pid=3008, tid=10080
#
# JRE version:  (22.0.1+8) (build )
# Java VM: Java HotSpot(TM) 64-Bit Server VM (22.0.1+8-16, mixed mode, sharing, tiered, compressed oops, compressed class ptrs, g1 gc, windows-amd64)
# No core dump will be written. Minidumps are not enabled by default on client versions of Windows
#

---------------  S U M M A R Y ------------

Command Line: -javaagent:C:\Program Files\JetBrains\IntelliJ IDEA Community Edition 2024.1.4\lib\idea_rt.jar=50239:C:\Program Files\JetBrains\IntelliJ IDEA Community Edition 2024.1.4\bin -Dfile.encoding=UTF-8 -Dsun.stdout.encoding=UTF-8 -Dsun.stderr.encoding=UTF-8 GFG

Host: 11th Gen Intel(R) Core(TM) i5-1135G7 @ 2.40GHz, 8 cores, 15G,  Windows 11 , 64 bit Build 22621 (10.0.22621.3958)
Time: Mon Oct 21 23:02:50 2024 Bangladesh Standard Time elapsed time: 0.018524 seconds (0d 0h 0m 0s)

---------------  T H R E A D  ---------------

Current thread (0x0000021cdbe89fd0):  JavaThread "Unknown thread" [_thread_in_vm, id=10080, stack(0x0000002e54000000,0x0000002e54100000) (1024K)]

Stack: [0x0000002e54000000,0x0000002e54100000]
Native frames: (J=compiled Java code, j=interpreted, Vv=VM code, C=native code)
V  [jvm.dll+0x6e2279]  (no source info available)
V  [jvm.dll+0x874e33]  (no source info available)
V  [jvm.dll+0x87725e]  (no source info available)
V  [jvm.dll+0x877933]  (no source info available)
V  [jvm.dll+0x27fd76]  (no source info available)
V  [jvm.dll+0x6de915]  (no source info available)
V  [jvm.dll+0x6d341a]  (no source info available)
V  [jvm.dll+0x3589da]  (no source info available)
V  [jvm.dll+0x360f06]  (no source info available)
V  [jvm.dll+0x3b3e2e]  (no source info available)
V  [jvm.dll+0x3b40d8]  (no source info available)
V  [jvm.dll+0x32c59c]  (no source info available)
V  [jvm.dll+0x32d158]  (no source info available)
V  [jvm.dll+0x83ccdc]  (no source info available)
V  [jvm.dll+0x3c0d71]  (no source info available)
V  [jvm.dll+0x825ccc]  (no source info available)
V  [jvm.dll+0x45b8fe]  (no source info available)
V  [jvm.dll+0x45d781]  (no source info available)
C  [jli.dll+0x52a3]  (no source info available)
C  [ucrtbase.dll+0x29333]  (no source info available)
C  [KERNEL32.DLL+0x1257d]  (no source info available)
C  [ntdll.dll+0x5af08]  (no source info available)


---------------  P R O C E S S  ---------------

Threads class SMR info:
_java_thread_list=0x00007ffb40e4b1c8, length=0, elements={
}

Java Threads: ( => current thread )
Total: 0

Other Threads:
  0x0000021cdbef1910 WorkerThread "GC Thread#0"                     [id=4472, stack(0x0000002e54100000,0x0000002e54200000) (1024K)]
  0x0000021cdbf03750 ConcurrentGCThread "G1 Main Marker"            [id=2924, stack(0x0000002e54200000,0x0000002e54300000) (1024K)]
  0x0000021cdbf04260 WorkerThread "G1 Conc#0"                       [id=14500, stack(0x0000002e54300000,0x0000002e54400000) (1024K)]

[error occurred during error reporting (printing all threads), id 0xc0000005, EXCEPTION_ACCESS_VIOLATION (0xc0000005) at pc=0x00007ffb4059f367]
VM state: not at safepoint (not fully initialized)

VM Mutex/Monitor currently owned by a thread:  ([mutex/lock_event])
[0x00007ffb40ecbcb8] Heap_lock - owner thread: 0x0000021cdbe89fd0

Heap address: 0x0000000703600000, size: 4042 MB, Compressed Oops mode: Zero based, Oop shift amount: 3

CDS archive(s) mapped at: [0x0000000000000000-0x0000000000000000-0x0000000000000000), size 0, SharedBaseAddress: 0x0000000800000000, ArchiveRelocationMode: 1.
Narrow klass base: 0x0000000000000000, Narrow klass shift: 0, Narrow klass range: 0x0

GC Precious Log:
 CardTable entry size: 512
 Card Set container configuration: InlinePtr #cards 4 size 8 Array Of Cards #cards 16 size 48 Howl #buckets 8 coarsen threshold 3686 Howl Bitmap #cards 512 size 80 coarsen threshold 460 Card regions per heap region 1 cards per card region 4096

Heap:
 garbage-first heap   total reserved 4139008K, committed 0K, used 0K [0x0000000703600000, 0x0000000800000000)
  region size 2048K, 0 young (0K), 0 survivors (0K)

[error occurred during error reporting (printing heap information), id 0xc0000005, EXCEPTION_ACCESS_VIOLATION (0xc0000005) at pc=0x00007ffb4099e429]
GC Heap History (0 events):
No events

Dll operation events (1 events):
Event: 0.012 Loaded shared library C:\Program Files\Java\jdk-22\bin\java.dll

Deoptimization events (0 events):
No events

Classes loaded (0 events):
No events

Classes unloaded (0 events):
No events

Classes redefined (0 events):
No events

Internal exceptions (0 events):
No events

ZGC Phase Switch (0 events):
No events

VM Operations (0 events):
No events

Events (0 events):
No events


Dynamic libraries:
0x00007ff7a1f90000 - 0x00007ff7a1fa0000 	C:\Program Files\Java\jdk-22\bin\java.exe
0x00007ffbaa210000 - 0x00007ffbaa427000 	C:\WINDOWS\SYSTEM32\ntdll.dll
0x00007ffba9180000 - 0x00007ffba9244000 	C:\WINDOWS\System32\KERNEL32.DLL
0x00007ffba7790000 - 0x00007ffba7b47000 	C:\WINDOWS\System32\KERNELBASE.dll
0x00007ffba7640000 - 0x00007ffba7751000 	C:\WINDOWS\System32\ucrtbase.dll
0x00007ffba0f30000 - 0x00007ffba0f47000 	C:\Program Files\Java\jdk-22\bin\jli.dll
0x00007ffba1a60000 - 0x00007ffba1a7b000 	C:\Program Files\Java\jdk-22\bin\VCRUNTIME140.dll
0x00007ffba8cf0000 - 0x00007ffba8da2000 	C:\WINDOWS\System32\ADVAPI32.dll
0x00007ffba92f0000 - 0x00007ffba9397000 	C:\WINDOWS\System32\msvcrt.dll
0x00007ffbaa010000 - 0x00007ffbaa0b8000 	C:\WINDOWS\System32\sechost.dll
0x00007ffba7760000 - 0x00007ffba7788000 	C:\WINDOWS\System32\bcrypt.dll
0x00007ffba8040000 - 0x00007ffba8154000 	C:\WINDOWS\System32\RPCRT4.dll
0x00007ffba9400000 - 0x00007ffba95af000 	C:\WINDOWS\System32\USER32.dll
0x00007ffb91c10000 - 0x00007ffb91ea3000 	C:\WINDOWS\WinSxS\amd64_microsoft.windows.common-controls_6595b64144ccf1df_6.0.22621.3672_none_2713b9d173822955\COMCTL32.dll
0x00007ffba7520000 - 0x00007ffba7546000 	C:\WINDOWS\System32\win32u.dll
0x00007ffba93d0000 - 0x00007ffba93f9000 	C:\WINDOWS\System32\GDI32.dll
0x00007ffba7e20000 - 0x00007ffba7f38000 	C:\WINDOWS\System32\gdi32full.dll
0x00007ffba7b50000 - 0x00007ffba7bea000 	C:\WINDOWS\System32\msvcp_win.dll
0x00007ffb9e7e0000 - 0x00007ffb9e7ea000 	C:\WINDOWS\SYSTEM32\VERSION.dll
0x00007ffba92b0000 - 0x00007ffba92e1000 	C:\WINDOWS\System32\IMM32.DLL
0x00007ffba0f20000 - 0x00007ffba0f2c000 	C:\Program Files\Java\jdk-22\bin\vcruntime140_1.dll
0x00007ffb8a9f0000 - 0x00007ffb8aa7e000 	C:\Program Files\Java\jdk-22\bin\msvcp140.dll
0x00007ffb40260000 - 0x00007ffb40fa7000 	C:\Program Files\Java\jdk-22\bin\server\jvm.dll
0x00007ffba8c10000 - 0x00007ffba8c81000 	C:\WINDOWS\System32\WS2_32.dll
0x00007ffba6da0000 - 0x00007ffba6ded000 	C:\WINDOWS\SYSTEM32\POWRPROF.dll
0x00007ffba0b00000 - 0x00007ffba0b34000 	C:\WINDOWS\SYSTEM32\WINMM.dll
0x00007ffba6d60000 - 0x00007ffba6d73000 	C:\WINDOWS\SYSTEM32\UMPDC.dll
0x00007ffba6530000 - 0x00007ffba6548000 	C:\WINDOWS\SYSTEM32\kernel.appcore.dll
0x00007ffba0f10000 - 0x00007ffba0f1a000 	C:\Program Files\Java\jdk-22\bin\jimage.dll
0x00007ffba4cc0000 - 0x00007ffba4ef2000 	C:\WINDOWS\SYSTEM32\DBGHELP.DLL
0x00007ffba8640000 - 0x00007ffba89ce000 	C:\WINDOWS\System32\combase.dll
0x00007ffba9f30000 - 0x00007ffbaa007000 	C:\WINDOWS\System32\OLEAUT32.dll
0x00007ffb722c0000 - 0x00007ffb722f2000 	C:\WINDOWS\SYSTEM32\dbgcore.DLL
0x00007ffba7550000 - 0x00007ffba75cb000 	C:\WINDOWS\System32\bcryptPrimitives.dll
0x00007ffba0e30000 - 0x00007ffba0e3f000 	C:\Program Files\Java\jdk-22\bin\instrument.dll
0x00007ffba0ed0000 - 0x00007ffba0eee000 	C:\Program Files\Java\jdk-22\bin\java.dll
0x00007ffba95b0000 - 0x00007ffba9e19000 	C:\WINDOWS\System32\SHELL32.dll
0x00007ffba8a50000 - 0x00007ffba8bf5000 	C:\WINDOWS\System32\ole32.dll

dbghelp: loaded successfully - version: 4.0.5 - missing functions: none
symbol engine: initialized successfully - sym options: 0x614 - pdb path: .;C:\Program Files\Java\jdk-22\bin;C:\WINDOWS\SYSTEM32;C:\WINDOWS\WinSxS\amd64_microsoft.windows.common-controls_6595b64144ccf1df_6.0.22621.3672_none_2713b9d173822955;C:\Program Files\Java\jdk-22\bin\server

VM Arguments:
jvm_args: -javaagent:C:\Program Files\JetBrains\IntelliJ IDEA Community Edition 2024.1.4\lib\idea_rt.jar=50239:C:\Program Files\JetBrains\IntelliJ IDEA Community Edition 2024.1.4\bin -Dfile.encoding=UTF-8 -Dsun.stdout.encoding=UTF-8 -Dsun.stderr.encoding=UTF-8 
java_command: GFG
java_class_path (initial): C:\Users\Neel Islam\Desktop\Java Class\out\production\Discord class
Launcher Type: SUN_STANDARD

[Global flags]
     intx CICompilerCount                          = 4                                         {product} {ergonomic}
     uint ConcGCThreads                            = 2                                         {product} {ergonomic}
     uint G1ConcRefinementThreads                  = 8                                         {product} {ergonomic}
   size_t G1HeapRegionSize                         = 2097152                                   {product} {ergonomic}
   size_t InitialHeapSize                          = 266338304                                 {product} {ergonomic}
   size_t MarkStackSize                            = 4194304                                   {product} {ergonomic}
   size_t MaxHeapSize                              = 4238344192                                {product} {ergonomic}
   size_t MinHeapDeltaBytes                        = 2097152                                   {product} {ergonomic}
   size_t MinHeapSize                              = 8388608                                   {product} {ergonomic}
    uintx NonNMethodCodeHeapSize                   = 5839372                                {pd product} {ergonomic}
    uintx NonProfiledCodeHeapSize                  = 122909434                              {pd product} {ergonomic}
    uintx ProfiledCodeHeapSize                     = 122909434                              {pd product} {ergonomic}
    uintx ReservedCodeCacheSize                    = 251658240                              {pd product} {ergonomic}
     bool SegmentedCodeCache                       = true                                      {product} {ergonomic}
   size_t SoftMaxHeapSize                          = 4238344192                             {manageable} {ergonomic}
     bool UseCompressedOops                        = true                           {product lp64_product} {ergonomic}
     bool UseG1GC                                  = true                                      {product} {ergonomic}
     bool UseLargePagesIndividualAllocation        = false                                  {pd product} {ergonomic}

Logging:
Log output configuration:
 #0: stdout all=warning uptime,level,tags foldmultilines=false
 #1: stderr all=off uptime,level,tags foldmultilines=false

Environment Variables:
PATH=S:\oracleapp\bin;C:\Program Files\Common Files\Oracle\Java\javapath;C:\WINDOWS\system32;C:\WINDOWS;C:\WINDOWS\System32\Wbem;C:\WINDOWS\System32\WindowsPowerShell\v1.0\;C:\WINDOWS\System32\OpenSSH\;C:\Program Files\Git\cmd;C:\Program Files\MATLAB\R2007b\bin;C:\Program Files\MATLAB\R2007b\bin\win64;C:\Users\Neel Islam\AppData\Local\Microsoft\WindowsApps;C:\Program Files\JetBrains\IntelliJ IDEA Community Edition 2024.1.4\bin;C:\MinGW\bin;;C:\Users\Neel Islam\AppData\Local\Programs\Microsoft VS Code\bin;C:\MinGW\bin;
USERNAME=Neel Islam
OS=Windows_NT
PROCESSOR_IDENTIFIER=Intel64 Family 6 Model 140 Stepping 1, GenuineIntel
TMP=C:\Users\NEELIS~1\AppData\Local\Temp
TEMP=C:\Users\NEELIS~1\AppData\Local\Temp




Periodic native trim disabled

---------------  S Y S T E M  ---------------

OS:
 Windows 11 , 64 bit Build 22621 (10.0.22621.3958)
OS uptime: 0 days 0:17 hours
Hyper-V role detected

CPU: total 8 (initial active 8) (4 cores per cpu, 2 threads per core) family 6 model 140 stepping 1 microcode 0x8a, cx8, cmov, fxsr, ht, mmx, 3dnowpref, sse, sse2, sse3, ssse3, sse4.1, sse4.2, popcnt, lzcnt, tsc, tscinvbit, avx, avx2, aes, erms, clmul, bmi1, bmi2, adx, avx512f, avx512dq, avx512cd, avx512bw, avx512vl, sha, fma, vzeroupper, avx512_vpopcntdq, avx512_vpclmulqdq, avx512_vaes, avx512_vnni, clflush, clflushopt, clwb, avx512_vbmi2, avx512_vbmi, hv, rdtscp, rdpid, fsrm, gfni, avx512_bitalg, f16c, cet_ibt, cet_ss, avx512_ifma
Processor Information for all 8 processors :
  Max Mhz: 2419, Current Mhz: 2419, Mhz Limit: 2419

Memory: 4k page, system-wide physical 16163M (6412M free)
TotalPageFile size 16163M (AvailPageFile size 83M)
current process WorkingSet (physical memory assigned to process): 12M, peak: 12M
current process commit charge ("private bytes"): 60M, peak: 314M

vm_info: Java HotSpot(TM) 64-Bit Server VM (22.0.1+8-16) for windows-amd64 JRE (22.0.1+8-16), built on 2024-03-12T10:33:16Z by "mach5one" with MS VC++ 17.6 (VS2022)

END.
