#
# There is insufficient memory for the Java Runtime Environment to continue.
# Native memory allocation (mmap) failed to map 4161536 bytes. Error detail: G1 virtual space
# Possible reasons:
#   The system is out of physical RAM or swap space
#   This process is running with CompressedOops enabled, and the Java Heap may be blocking the growth of the native heap
# Possible solutions:
#   Reduce memory load on the system
#   Increase physical memory or swap space
#   Check if swap backing store is full
#   Decrease Java heap size (-Xmx/-Xms)
#   Decrease number of Java threads
#   Decrease Java thread stack sizes (-Xss)
#   Set larger code cache with -XX:ReservedCodeCacheSize=
#   JVM is running with Zero Based Compressed Oops mode in which the Java heap is
#     placed in the first 32GB address space. The Java Heap base address is the
#     maximum limit for the native heap growth. Please use -XX:HeapBaseMinAddress
#     to set the Java Heap base and to place the Java Heap above 32GB virtual address.
# This output file may be truncated or incomplete.
#
#  Out of Memory Error (os_windows.cpp:3631), pid=14956, tid=16192
#
# JRE version:  (22.0.1+8) (build )
# Java VM: Java HotSpot(TM) 64-Bit Server VM (22.0.1+8-16, mixed mode, sharing, tiered, compressed oops, compressed class ptrs, g1 gc, windows-amd64)
# No core dump will be written. Minidumps are not enabled by default on client versions of Windows
#

---------------  S U M M A R Y ------------

Command Line: -javaagent:C:\Program Files\JetBrains\IntelliJ IDEA Community Edition 2024.1.4\lib\idea_rt.jar=50364:C:\Program Files\JetBrains\IntelliJ IDEA Community Edition 2024.1.4\bin -Dfile.encoding=UTF-8 -Dsun.stdout.encoding=UTF-8 -Dsun.stderr.encoding=UTF-8 GFG

Host: 11th Gen Intel(R) Core(TM) i5-1135G7 @ 2.40GHz, 8 cores, 15G,  Windows 11 , 64 bit Build 22621 (10.0.22621.3958)
Time: Mon Oct 21 22:25:53 2024 Bangladesh Standard Time elapsed time: 0.017398 seconds (0d 0h 0m 0s)

---------------  T H R E A D  ---------------

Current thread (0x00000218d7671830):  JavaThread "Unknown thread" [_thread_in_vm, id=16192, stack(0x000000e28d300000,0x000000e28d400000) (1024K)]

Stack: [0x000000e28d300000,0x000000e28d400000]
Native frames: (J=compiled Java code, j=interpreted, Vv=VM code, C=native code)
V  [jvm.dll+0x6e2279]  (no source info available)
V  [jvm.dll+0x874e33]  (no source info available)
V  [jvm.dll+0x87725e]  (no source info available)
V  [jvm.dll+0x877933]  (no source info available)
V  [jvm.dll+0x27fd76]  (no source info available)
V  [jvm.dll+0x6de915]  (no source info available)
V  [jvm.dll+0x6d341a]  (no source info available)
V  [jvm.dll+0x3589da]  (no source info available)
V  [jvm.dll+0x360f06]  (no source info available)
V  [jvm.dll+0x3b3e43]  (no source info available)
V  [jvm.dll+0x3b40d8]  (no source info available)
V  [jvm.dll+0x32c59c]  (no source info available)
V  [jvm.dll+0x32d158]  (no source info available)
V  [jvm.dll+0x83ccdc]  (no source info available)
V  [jvm.dll+0x3c0d71]  (no source info available)
V  [jvm.dll+0x825ccc]  (no source info available)
V  [jvm.dll+0x45b8fe]  (no source info available)
V  [jvm.dll+0x45d781]  (no source info available)
C  [jli.dll+0x52a3]  (no source info available)
C  [ucrtbase.dll+0x29333]  (no source info available)
C  [KERNEL32.DLL+0x1257d]  (no source info available)
C  [ntdll.dll+0x5af08]  (no source info available)


---------------  P R O C E S S  ---------------

Threads class SMR info:
_java_thread_list=0x00007ffd485cb1c8, length=0, elements={
}

Java Threads: ( => current thread )
Total: 0

Other Threads:
  0x00000218d992d340 WorkerThread "GC Thread#0"                     [id=8884, stack(0x000000e28d400000,0x000000e28d500000) (1024K)]
  0x00000218d993f180 ConcurrentGCThread "G1 Main Marker"            [id=2196, stack(0x000000e28d500000,0x000000e28d600000) (1024K)]
  0x00000218d993fc90 WorkerThread "G1 Conc#0"                       [id=7544, stack(0x000000e28d600000,0x000000e28d700000) (1024K)]

[error occurred during error reporting (printing all threads), id 0xc0000005, EXCEPTION_ACCESS_VIOLATION (0xc0000005) at pc=0x00007ffd47d1f367]
VM state: not at safepoint (not fully initialized)

VM Mutex/Monitor currently owned by a thread:  ([mutex/lock_event])
[0x00007ffd4864bcb8] Heap_lock - owner thread: 0x00000218d7671830

Heap address: 0x0000000703600000, size: 4042 MB, Compressed Oops mode: Zero based, Oop shift amount: 3

CDS archive(s) mapped at: [0x0000000000000000-0x0000000000000000-0x0000000000000000), size 0, SharedBaseAddress: 0x0000000800000000, ArchiveRelocationMode: 1.
Narrow klass base: 0x0000000000000000, Narrow klass shift: 0, Narrow klass range: 0x0

GC Precious Log:
 CardTable entry size: 512
 Card Set container configuration: InlinePtr #cards 4 size 8 Array Of Cards #cards 16 size 48 Howl #buckets 8 coarsen threshold 3686 Howl Bitmap #cards 512 size 80 coarsen threshold 460 Card regions per heap region 1 cards per card region 4096

Heap:
 garbage-first heap   total reserved 4139008K, committed 0K, used 0K [0x0000000703600000, 0x0000000800000000)
  region size 2048K, 0 young (0K), 0 survivors (0K)

[error occurred during error reporting (printing heap information), id 0xc0000005, EXCEPTION_ACCESS_VIOLATION (0xc0000005) at pc=0x00007ffd4811e429]
GC Heap History (0 events):
No events

Dll operation events (1 events):
Event: 0.011 Loaded shared library C:\Program Files\Java\jdk-22\bin\java.dll

Deoptimization events (0 events):
No events

Classes loaded (0 events):
No events

Classes unloaded (0 events):
No events

Classes redefined (0 events):
No events

Internal exceptions (0 events):
No events

ZGC Phase Switch (0 events):
No events

VM Operations (0 events):
No events

Events (0 events):
No events


Dynamic libraries:
0x00007ff76cae0000 - 0x00007ff76caf0000 	C:\Program Files\Java\jdk-22\bin\java.exe
0x00007ffdff830000 - 0x00007ffdffa47000 	C:\WINDOWS\SYSTEM32\ntdll.dll
0x00007ffdfd780000 - 0x00007ffdfd844000 	C:\WINDOWS\System32\KERNEL32.DLL
0x00007ffdfcc00000 - 0x00007ffdfcfb7000 	C:\WINDOWS\System32\KERNELBASE.dll
0x00007ffdfcfc0000 - 0x00007ffdfd0d1000 	C:\WINDOWS\System32\ucrtbase.dll
0x00007ffdf5050000 - 0x00007ffdf5067000 	C:\Program Files\Java\jdk-22\bin\jli.dll
0x00007ffdf5070000 - 0x00007ffdf508b000 	C:\Program Files\Java\jdk-22\bin\VCRUNTIME140.dll
0x00007ffdfeb70000 - 0x00007ffdfec22000 	C:\WINDOWS\System32\ADVAPI32.dll
0x00007ffdfe810000 - 0x00007ffdfe8b7000 	C:\WINDOWS\System32\msvcrt.dll
0x00007ffdfd980000 - 0x00007ffdfda28000 	C:\WINDOWS\System32\sechost.dll
0x00007ffdfd2a0000 - 0x00007ffdfd2c8000 	C:\WINDOWS\System32\bcrypt.dll
0x00007ffdfd560000 - 0x00007ffdfd674000 	C:\WINDOWS\System32\RPCRT4.dll
0x00007ffdfdb80000 - 0x00007ffdfdd2f000 	C:\WINDOWS\System32\USER32.dll
0x00007ffde7760000 - 0x00007ffde79f3000 	C:\WINDOWS\WinSxS\amd64_microsoft.windows.common-controls_6595b64144ccf1df_6.0.22621.3672_none_2713b9d173822955\COMCTL32.dll
0x00007ffdfd1d0000 - 0x00007ffdfd1f6000 	C:\WINDOWS\System32\win32u.dll
0x00007ffdfec80000 - 0x00007ffdfeca9000 	C:\WINDOWS\System32\GDI32.dll
0x00007ffdfd2d0000 - 0x00007ffdfd3e8000 	C:\WINDOWS\System32\gdi32full.dll
0x00007ffdfd200000 - 0x00007ffdfd29a000 	C:\WINDOWS\System32\msvcp_win.dll
0x00007ffdf0c50000 - 0x00007ffdf0c5a000 	C:\WINDOWS\SYSTEM32\VERSION.dll
0x00007ffdfdb40000 - 0x00007ffdfdb71000 	C:\WINDOWS\System32\IMM32.DLL
0x00007ffdf7140000 - 0x00007ffdf714c000 	C:\Program Files\Java\jdk-22\bin\vcruntime140_1.dll
0x00007ffde6cd0000 - 0x00007ffde6d5e000 	C:\Program Files\Java\jdk-22\bin\msvcp140.dll
0x00007ffd479e0000 - 0x00007ffd48727000 	C:\Program Files\Java\jdk-22\bin\server\jvm.dll
0x00007ffdfdac0000 - 0x00007ffdfdb31000 	C:\WINDOWS\System32\WS2_32.dll
0x00007ffdfc3c0000 - 0x00007ffdfc40d000 	C:\WINDOWS\SYSTEM32\POWRPROF.dll
0x00007ffdf6f00000 - 0x00007ffdf6f34000 	C:\WINDOWS\SYSTEM32\WINMM.dll
0x00007ffdfc3a0000 - 0x00007ffdfc3b3000 	C:\WINDOWS\SYSTEM32\UMPDC.dll
0x00007ffdfbb60000 - 0x00007ffdfbb78000 	C:\WINDOWS\SYSTEM32\kernel.appcore.dll
0x00007ffdf7100000 - 0x00007ffdf710a000 	C:\Program Files\Java\jdk-22\bin\jimage.dll
0x00007ffdfa190000 - 0x00007ffdfa3c2000 	C:\WINDOWS\SYSTEM32\DBGHELP.DLL
0x00007ffdfe460000 - 0x00007ffdfe7ee000 	C:\WINDOWS\System32\combase.dll
0x00007ffdfdd30000 - 0x00007ffdfde07000 	C:\WINDOWS\System32\OLEAUT32.dll
0x00007ffdc88d0000 - 0x00007ffdc8902000 	C:\WINDOWS\SYSTEM32\dbgcore.DLL
0x00007ffdfd150000 - 0x00007ffdfd1cb000 	C:\WINDOWS\System32\bcryptPrimitives.dll
0x00007ffdf7080000 - 0x00007ffdf708f000 	C:\Program Files\Java\jdk-22\bin\instrument.dll
0x00007ffdf4770000 - 0x00007ffdf478e000 	C:\Program Files\Java\jdk-22\bin\java.dll
0x00007ffdfef80000 - 0x00007ffdff7e9000 	C:\WINDOWS\System32\SHELL32.dll
0x00007ffdfe9c0000 - 0x00007ffdfeb65000 	C:\WINDOWS\System32\ole32.dll

dbghelp: loaded successfully - version: 4.0.5 - missing functions: none
symbol engine: initialized successfully - sym options: 0x614 - pdb path: .;C:\Program Files\Java\jdk-22\bin;C:\WINDOWS\SYSTEM32;C:\WINDOWS\WinSxS\amd64_microsoft.windows.common-controls_6595b64144ccf1df_6.0.22621.3672_none_2713b9d173822955;C:\Program Files\Java\jdk-22\bin\server

VM Arguments:
jvm_args: -javaagent:C:\Program Files\JetBrains\IntelliJ IDEA Community Edition 2024.1.4\lib\idea_rt.jar=50364:C:\Program Files\JetBrains\IntelliJ IDEA Community Edition 2024.1.4\bin -Dfile.encoding=UTF-8 -Dsun.stdout.encoding=UTF-8 -Dsun.stderr.encoding=UTF-8 
java_command: GFG
java_class_path (initial): C:\Users\Neel Islam\Desktop\Java Class\out\production\Discord class
Launcher Type: SUN_STANDARD

[Global flags]
     intx CICompilerCount                          = 4                                         {product} {ergonomic}
     uint ConcGCThreads                            = 2                                         {product} {ergonomic}
     uint G1ConcRefinementThreads                  = 8                                         {product} {ergonomic}
   size_t G1HeapRegionSize                         = 2097152                                   {product} {ergonomic}
   size_t InitialHeapSize                          = 266338304                                 {product} {ergonomic}
   size_t MarkStackSize                            = 4194304                                   {product} {ergonomic}
   size_t MaxHeapSize                              = 4238344192                                {product} {ergonomic}
   size_t MinHeapDeltaBytes                        = 2097152                                   {product} {ergonomic}
   size_t MinHeapSize                              = 8388608                                   {product} {ergonomic}
    uintx NonNMethodCodeHeapSize                   = 5839372                                {pd product} {ergonomic}
    uintx NonProfiledCodeHeapSize                  = 122909434                              {pd product} {ergonomic}
    uintx ProfiledCodeHeapSize                     = 122909434                              {pd product} {ergonomic}
    uintx ReservedCodeCacheSize                    = 251658240                              {pd product} {ergonomic}
     bool SegmentedCodeCache                       = true                                      {product} {ergonomic}
   size_t SoftMaxHeapSize                          = 4238344192                             {manageable} {ergonomic}
     bool UseCompressedOops                        = true                           {product lp64_product} {ergonomic}
     bool UseG1GC                                  = true                                      {product} {ergonomic}
     bool UseLargePagesIndividualAllocation        = false                                  {pd product} {ergonomic}

Logging:
Log output configuration:
 #0: stdout all=warning uptime,level,tags foldmultilines=false
 #1: stderr all=off uptime,level,tags foldmultilines=false

Environment Variables:
PATH=S:\oracleapp\bin;C:\Program Files\Common Files\Oracle\Java\javapath;C:\WINDOWS\system32;C:\WINDOWS;C:\WINDOWS\System32\Wbem;C:\WINDOWS\System32\WindowsPowerShell\v1.0\;C:\WINDOWS\System32\OpenSSH\;C:\Program Files\Git\cmd;C:\Program Files\MATLAB\R2007b\bin;C:\Program Files\MATLAB\R2007b\bin\win64;C:\Users\Neel Islam\AppData\Local\Microsoft\WindowsApps;C:\Program Files\JetBrains\IntelliJ IDEA Community Edition 2024.1.4\bin;C:\MinGW\bin;;C:\Users\Neel Islam\AppData\Local\Programs\Microsoft VS Code\bin;C:\MinGW\bin;
USERNAME=Neel Islam
OS=Windows_NT
PROCESSOR_IDENTIFIER=Intel64 Family 6 Model 140 Stepping 1, GenuineIntel
TMP=C:\Users\NEELIS~1\AppData\Local\Temp
TEMP=C:\Users\NEELIS~1\AppData\Local\Temp




Periodic native trim disabled

---------------  S Y S T E M  ---------------

OS:
 Windows 11 , 64 bit Build 22621 (10.0.22621.3958)
OS uptime: 0 days 0:28 hours
Hyper-V role detected

CPU: total 8 (initial active 8) (4 cores per cpu, 2 threads per core) family 6 model 140 stepping 1 microcode 0x8a, cx8, cmov, fxsr, ht, mmx, 3dnowpref, sse, sse2, sse3, ssse3, sse4.1, sse4.2, popcnt, lzcnt, tsc, tscinvbit, avx, avx2, aes, erms, clmul, bmi1, bmi2, adx, avx512f, avx512dq, avx512cd, avx512bw, avx512vl, sha, fma, vzeroupper, avx512_vpopcntdq, avx512_vpclmulqdq, avx512_vaes, avx512_vnni, clflush, clflushopt, clwb, avx512_vbmi2, avx512_vbmi, hv, rdtscp, rdpid, fsrm, gfni, avx512_bitalg, f16c, cet_ibt, cet_ss, avx512_ifma
Processor Information for all 8 processors :
  Max Mhz: 2419, Current Mhz: 2419, Mhz Limit: 2419

Memory: 4k page, system-wide physical 16163M (6338M free)
TotalPageFile size 16163M (AvailPageFile size 6M)
current process WorkingSet (physical memory assigned to process): 12M, peak: 12M
current process commit charge ("private bytes"): 315M, peak: 319M

vm_info: Java HotSpot(TM) 64-Bit Server VM (22.0.1+8-16) for windows-amd64 JRE (22.0.1+8-16), built on 2024-03-12T10:33:16Z by "mach5one" with MS VC++ 17.6 (VS2022)

END.
